<?xml version="1.0" encoding="UTF-8"?>
<testsuite xmlns:xsi="http://www.w3.org/2001/XMLSchema-instance" xsi:noNamespaceSchemaLocation="https://maven.apache.org/surefire/maven-surefire-plugin/xsd/surefire-test-report-3.0.xsd" version="3.0" name="testRunner.TestRunner" time="44.342" tests="3" errors="0" skipped="0" failures="0">
  <properties>
[...]
</properties>
  <testcase name="Login Data Driven Excel #1" classname="Login Data Driven with Excel" time="12.323">
    <system-out><![CDATA[
Scenario Outline: Login Data Driven Excel                                                      # Features/LoginDDTExcel.feature:12
  Given User Launch browser                                                                    # stepDefinitions.steps.user_launch_browser()
  And opens URL "http://localhost/opencart/upload/"                                            # stepDefinitions.steps.opens_url(java.lang.String)
  When User navigate to MyAccount menu                                                         # stepDefinitions.steps.user_navigate_to_my_account()
  And click on Login                                                                           # stepDefinitions.steps.click_on_login()
true
  Then check User navigates to MyAccount Page by passing Email and Password with excel row "1" # stepDefinitions.steps.check_user_navigates_to_my_account_page_by_passing_email_and_password_with_excel_data(java.lang.String)
Scenario status ======>PASSED
]]></system-out>
    <system-err><![CDATA[Jan 04, 2024 4:04:32 PM org.openqa.selenium.remote.http.WebSocket$Listener onError
WARNING: An existing connection was forcibly closed by the remote host
java.io.IOException: An existing connection was forcibly closed by the remote host
	at java.base/sun.nio.ch.SocketDispatcher.read0(Native Method)
	at java.base/sun.nio.ch.SocketDispatcher.read(SocketDispatcher.java:43)
	at java.base/sun.nio.ch.IOUtil.readIntoNativeBuffer(IOUtil.java:276)
	at java.base/sun.nio.ch.IOUtil.read(IOUtil.java:245)
	at java.base/sun.nio.ch.IOUtil.read(IOUtil.java:223)
	at java.base/sun.nio.ch.SocketChannelImpl.read(SocketChannelImpl.java:358)
	at java.net.http/jdk.internal.net.http.SocketTube.readAvailable(SocketTube.java:1153)
	at java.net.http/jdk.internal.net.http.SocketTube$InternalReadPublisher$InternalReadSubscription.read(SocketTube.java:821)
	at java.net.http/jdk.internal.net.http.SocketTube$SocketFlowTask.run(SocketTube.java:175)
	at java.net.http/jdk.internal.net.http.common.SequentialScheduler$SchedulableTask.run(SequentialScheduler.java:198)
	at java.net.http/jdk.internal.net.http.common.SequentialScheduler.runOrSchedule(SequentialScheduler.java:271)
	at java.net.http/jdk.internal.net.http.common.SequentialScheduler.runOrSchedule(SequentialScheduler.java:224)
	at java.net.http/jdk.internal.net.http.SocketTube$InternalReadPublisher$InternalReadSubscription.signalReadable(SocketTube.java:763)
	at java.net.http/jdk.internal.net.http.SocketTube$InternalReadPublisher$ReadEvent.signalEvent(SocketTube.java:941)
	at java.net.http/jdk.internal.net.http.SocketTube$SocketFlowEvent.handle(SocketTube.java:245)
	at java.net.http/jdk.internal.net.http.HttpClientImpl$SelectorManager.handleEvent(HttpClientImpl.java:957)
	at java.net.http/jdk.internal.net.http.HttpClientImpl$SelectorManager.lambda$run$3(HttpClientImpl.java:912)
	at java.base/java.util.ArrayList.forEach(ArrayList.java:1541)
	at java.net.http/jdk.internal.net.http.HttpClientImpl$SelectorManager.run(HttpClientImpl.java:912)

]]></system-err>
  </testcase>
  <testcase name="Login Data Driven Excel #2" classname="Login Data Driven with Excel" time="16.13">
    <system-out><![CDATA[
Scenario Outline: Login Data Driven Excel                                                      # Features/LoginDDTExcel.feature:13
  Given User Launch browser                                                                    # stepDefinitions.steps.user_launch_browser()
  And opens URL "http://localhost/opencart/upload/"                                            # stepDefinitions.steps.opens_url(java.lang.String)
  When User navigate to MyAccount menu                                                         # stepDefinitions.steps.user_navigate_to_my_account()
  And click on Login                                                                           # stepDefinitions.steps.click_on_login()
false
  Then check User navigates to MyAccount Page by passing Email and Password with excel row "2" # stepDefinitions.steps.check_user_navigates_to_my_account_page_by_passing_email_and_password_with_excel_data(java.lang.String)
Scenario status ======>PASSED
]]></system-out>
  </testcase>
  <testcase name="Login Data Driven Excel #3" classname="Login Data Driven with Excel" time="14.618">
    <system-out><![CDATA[
Scenario Outline: Login Data Driven Excel                                                      # Features/LoginDDTExcel.feature:14
  Given User Launch browser                                                                    # stepDefinitions.steps.user_launch_browser()
  And opens URL "http://localhost/opencart/upload/"                                            # stepDefinitions.steps.opens_url(java.lang.String)
  When User navigate to MyAccount menu                                                         # stepDefinitions.steps.user_navigate_to_my_account()
  And click on Login                                                                           # stepDefinitions.steps.click_on_login()
false
  Then check User navigates to MyAccount Page by passing Email and Password with excel row "3" # stepDefinitions.steps.check_user_navigates_to_my_account_page_by_passing_email_and_password_with_excel_data(java.lang.String)
Scenario status ======>PASSED
]]></system-out>
    <system-err><![CDATA[Jan 04, 2024 4:05:03 PM org.openqa.selenium.remote.http.WebSocket$Listener onError
WARNING: An existing connection was forcibly closed by the remote host
java.io.IOException: An existing connection was forcibly closed by the remote host
	at java.base/sun.nio.ch.SocketDispatcher.read0(Native Method)
	at java.base/sun.nio.ch.SocketDispatcher.read(SocketDispatcher.java:43)
	at java.base/sun.nio.ch.IOUtil.readIntoNativeBuffer(IOUtil.java:276)
	at java.base/sun.nio.ch.IOUtil.read(IOUtil.java:245)
	at java.base/sun.nio.ch.IOUtil.read(IOUtil.java:223)
	at java.base/sun.nio.ch.SocketChannelImpl.read(SocketChannelImpl.java:358)
	at java.net.http/jdk.internal.net.http.SocketTube.readAvailable(SocketTube.java:1153)
	at java.net.http/jdk.internal.net.http.SocketTube$InternalReadPublisher$InternalReadSubscription.read(SocketTube.java:821)
	at java.net.http/jdk.internal.net.http.SocketTube$SocketFlowTask.run(SocketTube.java:175)
	at java.net.http/jdk.internal.net.http.common.SequentialScheduler$SchedulableTask.run(SequentialScheduler.java:198)
	at java.net.http/jdk.internal.net.http.common.SequentialScheduler.runOrSchedule(SequentialScheduler.java:271)
	at java.net.http/jdk.internal.net.http.common.SequentialScheduler.runOrSchedule(SequentialScheduler.java:224)
	at java.net.http/jdk.internal.net.http.SocketTube$InternalReadPublisher$InternalReadSubscription.signalReadable(SocketTube.java:763)
	at java.net.http/jdk.internal.net.http.SocketTube$InternalReadPublisher$ReadEvent.signalEvent(SocketTube.java:941)
	at java.net.http/jdk.internal.net.http.SocketTube$SocketFlowEvent.handle(SocketTube.java:245)
	at java.net.http/jdk.internal.net.http.HttpClientImpl$SelectorManager.handleEvent(HttpClientImpl.java:957)
	at java.net.http/jdk.internal.net.http.HttpClientImpl$SelectorManager.lambda$run$3(HttpClientImpl.java:912)
	at java.base/java.util.ArrayList.forEach(ArrayList.java:1541)
	at java.net.http/jdk.internal.net.http.HttpClientImpl$SelectorManager.run(HttpClientImpl.java:912)

]]></system-err>
  </testcase>
</testsuite>